Using pre-set license
Built from '2020.3/staging' branch; Version is '2020.3.17f1 (a4537701e4ab) revision 10769271'; Using compiler version '192528614'; Build Type 'Release'
OS: 'Windows 10 Home; OS build 19043.1237; Version 2009; 64bit' Language: 'en' Physical Memory: 3996 MB
BatchMode: 1, IsHumanControllingUs: 0, StartBugReporterOnCrash: 0, Is64bit: 1, IsPro: 0

COMMAND LINE ARGUMENTS:
C:\Program Files\Unity\Hub\Editor\2020.3.17f1\Editor\Unity.exe
-adb2
-batchMode
-noUpm
-name
AssetImportWorker6
-projectPath
C:/Users/User/OneDrive - St. Lawrence College/GAME312/Bobblehead Wars
-logFile
Logs/AssetImportWorker6.log
-srvPort
62196
Successfully changed project path to: C:/Users/User/OneDrive - St. Lawrence College/GAME312/Bobblehead Wars
C:/Users/User/OneDrive - St. Lawrence College/GAME312/Bobblehead Wars
Using Asset Import Pipeline V2.
Refreshing native plugins compatible for Editor in 721.38 ms, found 2 plugins.
Preloading 0 native plugins for Editor in 0.00 ms.
Initialize engine version: 2020.3.17f1 (a4537701e4ab)
[Subsystems] Discovering subsystems at path C:/Program Files/Unity/Hub/Editor/2020.3.17f1/Editor/Data/Resources/UnitySubsystems
[Subsystems] Discovering subsystems at path C:/Users/User/OneDrive - St. Lawrence College/GAME312/Bobblehead Wars/Assets
GfxDevice: creating device client; threaded=0
Direct3D:
    Version:  Direct3D 11.0 [level 10.1]
    Renderer: Intel(R) HD Graphics (ID=0x102)
    Vendor:   
    VRAM:     128 MB
    Driver:   9.17.10.4459
Initialize mono
Mono path[0] = 'C:/Program Files/Unity/Hub/Editor/2020.3.17f1/Editor/Data/Managed'
Mono path[1] = 'C:/Program Files/Unity/Hub/Editor/2020.3.17f1/Editor/Data/MonoBleedingEdge/lib/mono/unityjit'
Mono config path = 'C:/Program Files/Unity/Hub/Editor/2020.3.17f1/Editor/Data/MonoBleedingEdge/etc'
Using monoOptions --debugger-agent=transport=dt_socket,embedding=1,server=y,suspend=n,address=127.0.0.1:56424
Begin MonoManager ReloadAssembly
Registering precompiled unity dll's ...
Register platform support module: C:/Program Files/Unity/Hub/Editor/2020.3.17f1/Editor/Data/PlaybackEngines/WindowsStandaloneSupport/UnityEditor.WindowsStandalone.Extensions.dll
Registered in 0.011366 seconds.
Native extension for WindowsStandalone target not found
Refreshing native plugins compatible for Editor in 151.88 ms, found 2 plugins.
Preloading 0 native plugins for Editor in 0.00 ms.
Mono: successfully reloaded assembly
- Completed reload, in  3.895 seconds
Domain Reload Profiling:
	ReloadAssembly (3896ms)
		BeginReloadAssembly (138ms)
			ExecutionOrderSort (0ms)
			DisableScriptedObjects (0ms)
			BackupInstance (0ms)
			ReleaseScriptingObjects (0ms)
			CreateAndSetChildDomain (11ms)
		EndReloadAssembly (1470ms)
			LoadAssemblies (124ms)
			RebuildTransferFunctionScriptingTraits (0ms)
			SetupTypeCache (527ms)
			ReleaseScriptCaches (0ms)
			RebuildScriptCaches (77ms)
			SetupLoadedEditorAssemblies (506ms)
				LogAssemblyErrors (0ms)
				InitializePlatformSupportModulesInManaged (17ms)
				SetLoadedEditorAssemblies (1ms)
				RefreshPlugins (152ms)
				BeforeProcessingInitializeOnLoad (33ms)
				ProcessInitializeOnLoadAttributes (237ms)
				ProcessInitializeOnLoadMethodAttributes (65ms)
				AfterProcessingInitializeOnLoad (0ms)
				EditorAssembliesLoaded (0ms)
			ExecutionOrderSort2 (0ms)
			AwakeInstancesAfterBackupRestoration (0ms)
Platform modules already initialized, skipping
Registering precompiled user dll's ...
Registered in 0.018153 seconds.
Begin MonoManager ReloadAssembly
Native extension for WindowsStandalone target not found
Refreshing native plugins compatible for Editor in 1.31 ms, found 2 plugins.
Preloading 0 native plugins for Editor in 0.00 ms.
Mono: successfully reloaded assembly
- Completed reload, in  7.699 seconds
Domain Reload Profiling:
	ReloadAssembly (7726ms)
		BeginReloadAssembly (380ms)
			ExecutionOrderSort (0ms)
			DisableScriptedObjects (11ms)
			BackupInstance (0ms)
			ReleaseScriptingObjects (0ms)
			CreateAndSetChildDomain (37ms)
		EndReloadAssembly (7179ms)
			LoadAssemblies (4203ms)
			RebuildTransferFunctionScriptingTraits (0ms)
			SetupTypeCache (1186ms)
			ReleaseScriptCaches (1ms)
			RebuildScriptCaches (171ms)
			SetupLoadedEditorAssemblies (1325ms)
				LogAssemblyErrors (0ms)
				InitializePlatformSupportModulesInManaged (14ms)
				SetLoadedEditorAssemblies (7ms)
				RefreshPlugins (1ms)
				BeforeProcessingInitializeOnLoad (280ms)
				ProcessInitializeOnLoadAttributes (895ms)
				ProcessInitializeOnLoadMethodAttributes (92ms)
				AfterProcessingInitializeOnLoad (36ms)
				EditorAssembliesLoaded (0ms)
			ExecutionOrderSort2 (0ms)
			AwakeInstancesAfterBackupRestoration (13ms)
Platform modules already initialized, skipping
========================================================================
Worker process is ready to serve import requests
Launched and connected shader compiler UnityShaderCompiler.exe after 0.96 seconds
Refreshing native plugins compatible for Editor in 2.30 ms, found 2 plugins.
Preloading 0 native plugins for Editor in 0.00 ms.
Unloading 1974 Unused Serialized files (Serialized files now loaded: 0)
System memory in use before: 81.4 MB.
System memory in use after: 81.5 MB.

Unloading 58 unused Assets to reduce memory usage. Loaded Objects now: 2379.
Total: 15.930800 ms (FindLiveObjects: 0.510100 ms CreateObjectMapping: 0.184300 ms MarkObjects: 14.927600 ms  DeleteObjects: 0.305900 ms)

AssetImportParameters requested are different than current active one (requested -> active):
  custom:framework-win-MediaFoundation: 216162199b28c13a410421893ffa2e32 -> 
  custom:video-decoder-ogg-theora: a1e56fd34408186e4bbccfd4996cb3dc -> 
  custom:container-muxer-webm: aa71ff27fc2769a1b78a27578f13a17b -> 
  custom:container-demuxer-webm: 4f35f7cbe854078d1ac9338744f61a02 -> 
  custom:container-demuxer-ogg: 62fdf1f143b41e24485cea50d1cbac27 -> 
  custom:video-encoder-webm-vp8: eb34c28f22e8b96e1ab97ce403110664 -> 
  custom:video-decoder-webm-vp8: 9c59270c3fd7afecdb556c50c9e8de78 -> 
  custom:audio-decoder-ogg-vorbis: bf7c407c2cedff20999df2af8eb42d56 -> 
  custom:audio-encoder-webm-vorbis: bf7c407c2cedff20999df2af8eb42d56 -> 
========================================================================
Received Import Request.
  path: Assets/Prefabs/Alien.prefab
  artifactKey: Guid(193a630378df98f40b4487b5a2d104e3) Importer(815301076,1909f56bfc062723c751e8b465ee728b)
Start importing Assets/Prefabs/Alien.prefab using Guid(193a630378df98f40b4487b5a2d104e3) Importer(815301076,1909f56bfc062723c751e8b465ee728b)  -> (artifact id: '666f91aa25485195f94e9338e9a58b2a') in 1.832822 seconds 
  Import took 1.865742 seconds .

========================================================================
Received Import Request.
  Time since last request: 3.489894 seconds.
  path: Assets/Prefabs/Alien.prefab
  artifactKey: Guid(193a630378df98f40b4487b5a2d104e3) Importer(815301076,1909f56bfc062723c751e8b465ee728b)
Start importing Assets/Prefabs/Alien.prefab using Guid(193a630378df98f40b4487b5a2d104e3) Importer(815301076,1909f56bfc062723c751e8b465ee728b)  -> (artifact id: '3bdb3f585430a2940c37355108b39bc9') in 0.492911 seconds 
  Import took 0.501641 seconds .

========================================================================
Received Import Request.
  Time since last request: 8.486917 seconds.
  path: Assets/Prefabs/Alien.prefab
  artifactKey: Guid(193a630378df98f40b4487b5a2d104e3) Importer(815301076,1909f56bfc062723c751e8b465ee728b)
Start importing Assets/Prefabs/Alien.prefab using Guid(193a630378df98f40b4487b5a2d104e3) Importer(815301076,1909f56bfc062723c751e8b465ee728b)  -> (artifact id: '45cc56bfb66d3eba877d689fdb32bb44') in 0.554049 seconds 
  Import took 0.564142 seconds .

========================================================================
Received Import Request.
  Time since last request: 1.588690 seconds.
  path: Assets/Prefabs/Alien.prefab
  artifactKey: Guid(193a630378df98f40b4487b5a2d104e3) Importer(815301076,1909f56bfc062723c751e8b465ee728b)
Start importing Assets/Prefabs/Alien.prefab using Guid(193a630378df98f40b4487b5a2d104e3) Importer(815301076,1909f56bfc062723c751e8b465ee728b)  -> (artifact id: 'a8234fb54fda3e3db460f3d9d2ee7025') in 0.259403 seconds 
  Import took 0.278674 seconds .

========================================================================
Received Import Request.
  Time since last request: 3.472533 seconds.
  path: Assets/Presets/Kinematic.preset
  artifactKey: Guid(4266ec1ecc26a88489714ad5120f0f34) Importer(815301076,1909f56bfc062723c751e8b465ee728b)
Start importing Assets/Presets/Kinematic.preset using Guid(4266ec1ecc26a88489714ad5120f0f34) Importer(815301076,1909f56bfc062723c751e8b465ee728b)  -> (artifact id: 'de8d2a838f1410c0d28f8c3dabfc5c45') in 0.094956 seconds 
  Import took 0.107536 seconds .

========================================================================
Received Import Request.
  Time since last request: 23.204579 seconds.
  path: Assets/Prefabs/Alien.prefab
  artifactKey: Guid(193a630378df98f40b4487b5a2d104e3) Importer(815301076,1909f56bfc062723c751e8b465ee728b)
Start importing Assets/Prefabs/Alien.prefab using Guid(193a630378df98f40b4487b5a2d104e3) Importer(815301076,1909f56bfc062723c751e8b465ee728b)  -> (artifact id: 'b54813991068b6649daeb7917b20f3cd') in 0.236900 seconds 
  Import took 0.252163 seconds .

========================================================================
Received Import Request.
  Time since last request: 4.407109 seconds.
  path: Assets/Prefabs/Alien.prefab
  artifactKey: Guid(193a630378df98f40b4487b5a2d104e3) Importer(815301076,1909f56bfc062723c751e8b465ee728b)
Start importing Assets/Prefabs/Alien.prefab using Guid(193a630378df98f40b4487b5a2d104e3) Importer(815301076,1909f56bfc062723c751e8b465ee728b)  -> (artifact id: '1cce438b410910b5a7aae8eb930fe0b6') in 0.214644 seconds 
  Import took 0.233837 seconds .

========================================================================
Received Import Request.
  Time since last request: 4.743569 seconds.
  path: Assets/Prefabs/Alien.prefab
  artifactKey: Guid(193a630378df98f40b4487b5a2d104e3) Importer(815301076,1909f56bfc062723c751e8b465ee728b)
Start importing Assets/Prefabs/Alien.prefab using Guid(193a630378df98f40b4487b5a2d104e3) Importer(815301076,1909f56bfc062723c751e8b465ee728b)  -> (artifact id: '999f8d2257eb9061443cc16906b31d75') in 0.217048 seconds 
  Import took 0.237310 seconds .

========================================================================
Received Import Request.
  Time since last request: 3.459261 seconds.
  path: Assets/Prefabs/Alien.prefab
  artifactKey: Guid(193a630378df98f40b4487b5a2d104e3) Importer(815301076,1909f56bfc062723c751e8b465ee728b)
Start importing Assets/Prefabs/Alien.prefab using Guid(193a630378df98f40b4487b5a2d104e3) Importer(815301076,1909f56bfc062723c751e8b465ee728b)  -> (artifact id: 'aa08060ea8df1d72083cec22f79e8668') in 0.166674 seconds 
  Import took 0.194800 seconds .

========================================================================
Received Import Request.
  Time since last request: 5.285876 seconds.
  path: Assets/Prefabs/Alien.prefab
  artifactKey: Guid(193a630378df98f40b4487b5a2d104e3) Importer(815301076,1909f56bfc062723c751e8b465ee728b)
Start importing Assets/Prefabs/Alien.prefab using Guid(193a630378df98f40b4487b5a2d104e3) Importer(815301076,1909f56bfc062723c751e8b465ee728b)  -> (artifact id: '9eb88a7733ec4755ce0974d89aae2eb9') in 0.217139 seconds 
  Import took 0.238750 seconds .

========================================================================
Received Import Request.
  Time since last request: 12.148720 seconds.
  path: Assets/Prefabs/Alien.prefab
  artifactKey: Guid(193a630378df98f40b4487b5a2d104e3) Importer(815301076,1909f56bfc062723c751e8b465ee728b)
Start importing Assets/Prefabs/Alien.prefab using Guid(193a630378df98f40b4487b5a2d104e3) Importer(815301076,1909f56bfc062723c751e8b465ee728b)  -> (artifact id: '9324b4e0da4df80811700d165b410bcf') in 0.597219 seconds 
  Import took 0.605981 seconds .

========================================================================
Received Import Request.
  Time since last request: 22.096433 seconds.
  path: Assets/Prefabs/Alien.prefab
  artifactKey: Guid(193a630378df98f40b4487b5a2d104e3) Importer(815301076,1909f56bfc062723c751e8b465ee728b)
Start importing Assets/Prefabs/Alien.prefab using Guid(193a630378df98f40b4487b5a2d104e3) Importer(815301076,1909f56bfc062723c751e8b465ee728b)  -> (artifact id: '2084842731e63529605133c1597b7df5') in 0.184407 seconds 
  Import took 0.251703 seconds .

========================================================================
Received Import Request.
  Time since last request: 3.108353 seconds.
  path: Assets/Prefabs/Alien.prefab
  artifactKey: Guid(193a630378df98f40b4487b5a2d104e3) Importer(815301076,1909f56bfc062723c751e8b465ee728b)
Start importing Assets/Prefabs/Alien.prefab using Guid(193a630378df98f40b4487b5a2d104e3) Importer(815301076,1909f56bfc062723c751e8b465ee728b)  -> (artifact id: '5eff2f4cfe49239df46c317cfa37e8f5') in 0.155516 seconds 
  Import took 0.205740 seconds .

========================================================================
Received Import Request.
  Time since last request: 4.112235 seconds.
  path: Assets/Prefabs/Alien.prefab
  artifactKey: Guid(193a630378df98f40b4487b5a2d104e3) Importer(815301076,1909f56bfc062723c751e8b465ee728b)
Start importing Assets/Prefabs/Alien.prefab using Guid(193a630378df98f40b4487b5a2d104e3) Importer(815301076,1909f56bfc062723c751e8b465ee728b)  -> (artifact id: 'cae84cccfc70fc22b931a4a35cf75d09') in 0.383037 seconds 
  Import took 0.399836 seconds .

========================================================================
Received Import Request.
  Time since last request: 5.101241 seconds.
  path: Assets/Prefabs/Alien.prefab
  artifactKey: Guid(193a630378df98f40b4487b5a2d104e3) Importer(815301076,1909f56bfc062723c751e8b465ee728b)
Start importing Assets/Prefabs/Alien.prefab using Guid(193a630378df98f40b4487b5a2d104e3) Importer(815301076,1909f56bfc062723c751e8b465ee728b)  -> (artifact id: 'c857cb3ce6b8a35c77d010706d4e1be8') in 0.165210 seconds 
  Import took 0.188400 seconds .

========================================================================
Received Import Request.
  Time since last request: 6.712907 seconds.
  path: Assets/Prefabs/Alien.prefab
  artifactKey: Guid(193a630378df98f40b4487b5a2d104e3) Importer(815301076,1909f56bfc062723c751e8b465ee728b)
Start importing Assets/Prefabs/Alien.prefab using Guid(193a630378df98f40b4487b5a2d104e3) Importer(815301076,1909f56bfc062723c751e8b465ee728b)  -> (artifact id: '76209e3e77b5e1d236f7a9231a6d476d') in 0.333242 seconds 
  Import took 0.368158 seconds .

========================================================================
Received Prepare
Registering precompiled user dll's ...
Registered in 0.090093 seconds.
Begin MonoManager ReloadAssembly
Native extension for WindowsStandalone target not found
Refreshing native plugins compatible for Editor in 1.90 ms, found 2 plugins.
Preloading 0 native plugins for Editor in 0.00 ms.
Mono: successfully reloaded assembly
- Completed reload, in  9.422 seconds
Domain Reload Profiling:
	ReloadAssembly (9424ms)
		BeginReloadAssembly (1127ms)
			ExecutionOrderSort (0ms)
			DisableScriptedObjects (11ms)
			BackupInstance (0ms)
			ReleaseScriptingObjects (0ms)
			CreateAndSetChildDomain (207ms)
		EndReloadAssembly (7580ms)
			LoadAssemblies (3837ms)
			RebuildTransferFunctionScriptingTraits (0ms)
			SetupTypeCache (2240ms)
			ReleaseScriptCaches (2ms)
			RebuildScriptCaches (135ms)
			SetupLoadedEditorAssemblies (1598ms)
				LogAssemblyErrors (0ms)
				InitializePlatformSupportModulesInManaged (47ms)
				SetLoadedEditorAssemblies (1ms)
				RefreshPlugins (2ms)
				BeforeProcessingInitializeOnLoad (252ms)
				ProcessInitializeOnLoadAttributes (1209ms)
				ProcessInitializeOnLoadMethodAttributes (71ms)
				AfterProcessingInitializeOnLoad (15ms)
				EditorAssembliesLoaded (0ms)
			ExecutionOrderSort2 (0ms)
			AwakeInstancesAfterBackupRestoration (15ms)
Platform modules already initialized, skipping
Refreshing native plugins compatible for Editor in 1.47 ms, found 2 plugins.
Preloading 0 native plugins for Editor in 0.00 ms.
Unloading 1968 Unused Serialized files (Serialized files now loaded: 0)
System memory in use before: 84.3 MB.
System memory in use after: 84.4 MB.

Unloading 49 unused Assets to reduce memory usage. Loaded Objects now: 2388.
Total: 14.921100 ms (FindLiveObjects: 0.428900 ms CreateObjectMapping: 0.195100 ms MarkObjects: 14.224700 ms  DeleteObjects: 0.068600 ms)

AssetImportParameters requested are different than current active one (requested -> active):
  custom:framework-win-MediaFoundation: 216162199b28c13a410421893ffa2e32 -> 
  custom:video-decoder-ogg-theora: a1e56fd34408186e4bbccfd4996cb3dc -> 
  custom:container-muxer-webm: aa71ff27fc2769a1b78a27578f13a17b -> 
  custom:container-demuxer-webm: 4f35f7cbe854078d1ac9338744f61a02 -> 
  custom:container-demuxer-ogg: 62fdf1f143b41e24485cea50d1cbac27 -> 
  custom:video-encoder-webm-vp8: eb34c28f22e8b96e1ab97ce403110664 -> 
  custom:video-decoder-webm-vp8: 9c59270c3fd7afecdb556c50c9e8de78 -> 
  custom:audio-decoder-ogg-vorbis: bf7c407c2cedff20999df2af8eb42d56 -> 
  custom:audio-encoder-webm-vorbis: bf7c407c2cedff20999df2af8eb42d56 -> 
========================================================================
Received Import Request.
  Time since last request: 386.867246 seconds.
  path: Assets/Prefabs/Alien.prefab
  artifactKey: Guid(193a630378df98f40b4487b5a2d104e3) Importer(815301076,1909f56bfc062723c751e8b465ee728b)
Start importing Assets/Prefabs/Alien.prefab using Guid(193a630378df98f40b4487b5a2d104e3) Importer(815301076,1909f56bfc062723c751e8b465ee728b)  -> (artifact id: '27ad9607b84a2f6f6a30919307f38e7b') in 0.495544 seconds 
  Import took 0.507659 seconds .

========================================================================
Received Import Request.
  Time since last request: 19.347854 seconds.
  path: Assets/Prefabs/Projectile.prefab
  artifactKey: Guid(2825744a38a76eb47a4de44f3fa92ea0) Importer(815301076,1909f56bfc062723c751e8b465ee728b)
Start importing Assets/Prefabs/Projectile.prefab using Guid(2825744a38a76eb47a4de44f3fa92ea0) Importer(815301076,1909f56bfc062723c751e8b465ee728b)  -> (artifact id: '23491af3e02353a9fd80e13c44a9c9f4') in 1.286010 seconds 
  Import took 1.294569 seconds .

========================================================================
Received Import Request.
  Time since last request: 0.039294 seconds.
  path: Assets/Prefabs/Projectile.prefab
  artifactKey: Guid(2825744a38a76eb47a4de44f3fa92ea0) Importer(815301076,1909f56bfc062723c751e8b465ee728b)
Start importing Assets/Prefabs/Projectile.prefab using Guid(2825744a38a76eb47a4de44f3fa92ea0) Importer(815301076,1909f56bfc062723c751e8b465ee728b)  -> (artifact id: '23491af3e02353a9fd80e13c44a9c9f4') in 0.136326 seconds 
  Import took 0.157463 seconds .

========================================================================
Received Import Request.
  Time since last request: 130.710771 seconds.
  path: Assets/Scripts/GameManager.cs
  artifactKey: Guid(bffa5f7cb7b4f0640b46598d291b816f) Importer(815301076,1909f56bfc062723c751e8b465ee728b)
Start importing Assets/Scripts/GameManager.cs using Guid(bffa5f7cb7b4f0640b46598d291b816f) Importer(815301076,1909f56bfc062723c751e8b465ee728b)  -> (artifact id: '2329f5635c1dd25215b0070859df5d3e') in 0.711947 seconds 
  Import took 0.718038 seconds .

========================================================================
Received Prepare
Registering precompiled user dll's ...
Registered in 1.047023 seconds.
Begin MonoManager ReloadAssembly
Native extension for WindowsStandalone target not found
Refreshing native plugins compatible for Editor in 2.47 ms, found 2 plugins.
Preloading 0 native plugins for Editor in 0.00 ms.
Mono: successfully reloaded assembly
- Completed reload, in 117.198 seconds
Domain Reload Profiling:
	ReloadAssembly (118132ms)
		BeginReloadAssembly (84625ms)
			ExecutionOrderSort (1ms)
			DisableScriptedObjects (9468ms)
			BackupInstance (0ms)
			ReleaseScriptingObjects (47ms)
			CreateAndSetChildDomain (49190ms)
		EndReloadAssembly (28711ms)
			LoadAssemblies (11632ms)
			RebuildTransferFunctionScriptingTraits (191ms)
			SetupTypeCache (7951ms)
			ReleaseScriptCaches (4ms)
			RebuildScriptCaches (115ms)
			SetupLoadedEditorAssemblies (10509ms)
				LogAssemblyErrors (0ms)
				InitializePlatformSupportModulesInManaged (723ms)
				SetLoadedEditorAssemblies (134ms)
				RefreshPlugins (3ms)
				BeforeProcessingInitializeOnLoad (2398ms)
				ProcessInitializeOnLoadAttributes (5905ms)
				ProcessInitializeOnLoadMethodAttributes (1107ms)
				AfterProcessingInitializeOnLoad (26ms)
				EditorAssembliesLoaded (213ms)
			ExecutionOrderSort2 (0ms)
			AwakeInstancesAfterBackupRestoration (119ms)
Platform modules already initialized, skipping
Refreshing native plugins compatible for Editor in 1.38 ms, found 2 plugins.
Preloading 0 native plugins for Editor in 0.00 ms.
Unloading 1968 Unused Serialized files (Serialized files now loaded: 0)
System memory in use before: 84.4 MB.
System memory in use after: 84.5 MB.

Unloading 50 unused Assets to reduce memory usage. Loaded Objects now: 2392.
Total: 1093.363700 ms (FindLiveObjects: 108.098200 ms CreateObjectMapping: 0.790100 ms MarkObjects: 984.339600 ms  DeleteObjects: 0.132400 ms)

AssetImportParameters requested are different than current active one (requested -> active):
  custom:framework-win-MediaFoundation: 216162199b28c13a410421893ffa2e32 -> 
  custom:video-decoder-ogg-theora: a1e56fd34408186e4bbccfd4996cb3dc -> 
  custom:container-muxer-webm: aa71ff27fc2769a1b78a27578f13a17b -> 
  custom:container-demuxer-webm: 4f35f7cbe854078d1ac9338744f61a02 -> 
  custom:container-demuxer-ogg: 62fdf1f143b41e24485cea50d1cbac27 -> 
  custom:video-encoder-webm-vp8: eb34c28f22e8b96e1ab97ce403110664 -> 
  custom:video-decoder-webm-vp8: 9c59270c3fd7afecdb556c50c9e8de78 -> 
  custom:audio-decoder-ogg-vorbis: bf7c407c2cedff20999df2af8eb42d56 -> 
  custom:audio-encoder-webm-vorbis: bf7c407c2cedff20999df2af8eb42d56 -> 
========================================================================
Received Prepare
Registering precompiled user dll's ...
Registered in 0.173435 seconds.
Begin MonoManager ReloadAssembly
Native extension for WindowsStandalone target not found
Refreshing native plugins compatible for Editor in 1.35 ms, found 2 plugins.
Preloading 0 native plugins for Editor in 0.00 ms.
Mono: successfully reloaded assembly
- Completed reload, in  3.734 seconds
Domain Reload Profiling:
	ReloadAssembly (3735ms)
		BeginReloadAssembly (836ms)
			ExecutionOrderSort (0ms)
			DisableScriptedObjects (11ms)
			BackupInstance (0ms)
			ReleaseScriptingObjects (0ms)
			CreateAndSetChildDomain (485ms)
		EndReloadAssembly (2726ms)
			LoadAssemblies (456ms)
			RebuildTransferFunctionScriptingTraits (0ms)
			SetupTypeCache (857ms)
			ReleaseScriptCaches (2ms)
			RebuildScriptCaches (110ms)
			SetupLoadedEditorAssemblies (1144ms)
				LogAssemblyErrors (0ms)
				InitializePlatformSupportModulesInManaged (12ms)
				SetLoadedEditorAssemblies (1ms)
				RefreshPlugins (1ms)
				BeforeProcessingInitializeOnLoad (226ms)
				ProcessInitializeOnLoadAttributes (807ms)
				ProcessInitializeOnLoadMethodAttributes (81ms)
				AfterProcessingInitializeOnLoad (16ms)
				EditorAssembliesLoaded (0ms)
			ExecutionOrderSort2 (0ms)
			AwakeInstancesAfterBackupRestoration (24ms)
Platform modules already initialized, skipping
Refreshing native plugins compatible for Editor in 1.20 ms, found 2 plugins.
Preloading 0 native plugins for Editor in 0.00 ms.
Unloading 1968 Unused Serialized files (Serialized files now loaded: 0)
System memory in use before: 84.4 MB.
System memory in use after: 84.5 MB.

Unloading 49 unused Assets to reduce memory usage. Loaded Objects now: 2394.
Total: 12.077900 ms (FindLiveObjects: 0.363400 ms CreateObjectMapping: 0.092700 ms MarkObjects: 11.543700 ms  DeleteObjects: 0.073900 ms)

AssetImportParameters requested are different than current active one (requested -> active):
  custom:framework-win-MediaFoundation: 216162199b28c13a410421893ffa2e32 -> 
  custom:video-decoder-ogg-theora: a1e56fd34408186e4bbccfd4996cb3dc -> 
  custom:container-muxer-webm: aa71ff27fc2769a1b78a27578f13a17b -> 
  custom:container-demuxer-webm: 4f35f7cbe854078d1ac9338744f61a02 -> 
  custom:container-demuxer-ogg: 62fdf1f143b41e24485cea50d1cbac27 -> 
  custom:video-encoder-webm-vp8: eb34c28f22e8b96e1ab97ce403110664 -> 
  custom:video-decoder-webm-vp8: 9c59270c3fd7afecdb556c50c9e8de78 -> 
  custom:audio-decoder-ogg-vorbis: bf7c407c2cedff20999df2af8eb42d56 -> 
  custom:audio-encoder-webm-vorbis: bf7c407c2cedff20999df2af8eb42d56 -> 
========================================================================
Received Import Request.
  Time since last request: 1318.572401 seconds.
  path: Assets/Scripts/GameManager.cs
  artifactKey: Guid(bffa5f7cb7b4f0640b46598d291b816f) Importer(815301076,1909f56bfc062723c751e8b465ee728b)
Start importing Assets/Scripts/GameManager.cs using Guid(bffa5f7cb7b4f0640b46598d291b816f) Importer(815301076,1909f56bfc062723c751e8b465ee728b)  -> (artifact id: 'eb0b84f277ebd23a27e381619cb795dc') in 0.159676 seconds 
  Import took 0.290931 seconds .

========================================================================
Received Prepare
Registering precompiled user dll's ...
Registered in 0.155632 seconds.
Begin MonoManager ReloadAssembly
Native extension for WindowsStandalone target not found
Refreshing native plugins compatible for Editor in 1.09 ms, found 2 plugins.
Preloading 0 native plugins for Editor in 0.00 ms.
Mono: successfully reloaded assembly
- Completed reload, in 13.832 seconds
Domain Reload Profiling:
	ReloadAssembly (13832ms)
		BeginReloadAssembly (525ms)
			ExecutionOrderSort (0ms)
			DisableScriptedObjects (10ms)
			BackupInstance (0ms)
			ReleaseScriptingObjects (0ms)
			CreateAndSetChildDomain (172ms)
		EndReloadAssembly (13200ms)
			LoadAssemblies (10257ms)
			RebuildTransferFunctionScriptingTraits (0ms)
			SetupTypeCache (458ms)
			ReleaseScriptCaches (1ms)
			RebuildScriptCaches (75ms)
			SetupLoadedEditorAssemblies (1911ms)
				LogAssemblyErrors (0ms)
				InitializePlatformSupportModulesInManaged (8ms)
				SetLoadedEditorAssemblies (1ms)
				RefreshPlugins (1ms)
				BeforeProcessingInitializeOnLoad (150ms)
				ProcessInitializeOnLoadAttributes (1685ms)
				ProcessInitializeOnLoadMethodAttributes (55ms)
				AfterProcessingInitializeOnLoad (12ms)
				EditorAssembliesLoaded (0ms)
			ExecutionOrderSort2 (0ms)
			AwakeInstancesAfterBackupRestoration (11ms)
Platform modules already initialized, skipping
Refreshing native plugins compatible for Editor in 1.68 ms, found 2 plugins.
Preloading 0 native plugins for Editor in 0.00 ms.
Unloading 1968 Unused Serialized files (Serialized files now loaded: 0)
System memory in use before: 84.4 MB.
System memory in use after: 84.5 MB.

Unloading 49 unused Assets to reduce memory usage. Loaded Objects now: 2396.
Total: 11.226200 ms (FindLiveObjects: 0.272200 ms CreateObjectMapping: 0.102700 ms MarkObjects: 10.788900 ms  DeleteObjects: 0.059400 ms)

AssetImportParameters requested are different than current active one (requested -> active):
  custom:framework-win-MediaFoundation: 216162199b28c13a410421893ffa2e32 -> 
  custom:video-decoder-ogg-theora: a1e56fd34408186e4bbccfd4996cb3dc -> 
  custom:container-muxer-webm: aa71ff27fc2769a1b78a27578f13a17b -> 
  custom:container-demuxer-webm: 4f35f7cbe854078d1ac9338744f61a02 -> 
  custom:container-demuxer-ogg: 62fdf1f143b41e24485cea50d1cbac27 -> 
  custom:video-encoder-webm-vp8: eb34c28f22e8b96e1ab97ce403110664 -> 
  custom:video-decoder-webm-vp8: 9c59270c3fd7afecdb556c50c9e8de78 -> 
  custom:audio-decoder-ogg-vorbis: bf7c407c2cedff20999df2af8eb42d56 -> 
  custom:audio-encoder-webm-vorbis: bf7c407c2cedff20999df2af8eb42d56 -> 
========================================================================
Received Prepare
Registering precompiled user dll's ...
Registered in 0.264163 seconds.
Begin MonoManager ReloadAssembly
Native extension for WindowsStandalone target not found
Refreshing native plugins compatible for Editor in 1.08 ms, found 2 plugins.
Preloading 0 native plugins for Editor in 0.00 ms.
Mono: successfully reloaded assembly
- Completed reload, in  2.502 seconds
Domain Reload Profiling:
	ReloadAssembly (2503ms)
		BeginReloadAssembly (316ms)
			ExecutionOrderSort (0ms)
			DisableScriptedObjects (12ms)
			BackupInstance (0ms)
			ReleaseScriptingObjects (0ms)
			CreateAndSetChildDomain (54ms)
		EndReloadAssembly (1904ms)
			LoadAssemblies (369ms)
			RebuildTransferFunctionScriptingTraits (0ms)
			SetupTypeCache (719ms)
			ReleaseScriptCaches (1ms)
			RebuildScriptCaches (79ms)
			SetupLoadedEditorAssemblies (700ms)
				LogAssemblyErrors (0ms)
				InitializePlatformSupportModulesInManaged (9ms)
				SetLoadedEditorAssemblies (1ms)
				RefreshPlugins (1ms)
				BeforeProcessingInitializeOnLoad (147ms)
				ProcessInitializeOnLoadAttributes (478ms)
				ProcessInitializeOnLoadMethodAttributes (52ms)
				AfterProcessingInitializeOnLoad (13ms)
				EditorAssembliesLoaded (0ms)
			ExecutionOrderSort2 (0ms)
			AwakeInstancesAfterBackupRestoration (12ms)
Platform modules already initialized, skipping
Refreshing native plugins compatible for Editor in 1.07 ms, found 2 plugins.
Preloading 0 native plugins for Editor in 0.00 ms.
Unloading 1968 Unused Serialized files (Serialized files now loaded: 0)
System memory in use before: 84.4 MB.
System memory in use after: 84.5 MB.

Unloading 49 unused Assets to reduce memory usage. Loaded Objects now: 2398.
Total: 9.469200 ms (FindLiveObjects: 0.238000 ms CreateObjectMapping: 0.091000 ms MarkObjects: 9.090500 ms  DeleteObjects: 0.047300 ms)

AssetImportParameters requested are different than current active one (requested -> active):
  custom:framework-win-MediaFoundation: 216162199b28c13a410421893ffa2e32 -> 
  custom:video-decoder-ogg-theora: a1e56fd34408186e4bbccfd4996cb3dc -> 
  custom:container-muxer-webm: aa71ff27fc2769a1b78a27578f13a17b -> 
  custom:container-demuxer-webm: 4f35f7cbe854078d1ac9338744f61a02 -> 
  custom:container-demuxer-ogg: 62fdf1f143b41e24485cea50d1cbac27 -> 
  custom:video-encoder-webm-vp8: eb34c28f22e8b96e1ab97ce403110664 -> 
  custom:video-decoder-webm-vp8: 9c59270c3fd7afecdb556c50c9e8de78 -> 
  custom:audio-decoder-ogg-vorbis: bf7c407c2cedff20999df2af8eb42d56 -> 
  custom:audio-encoder-webm-vorbis: bf7c407c2cedff20999df2af8eb42d56 -> 
========================================================================
Received Import Request.
  Time since last request: 763.749578 seconds.
  path: Assets/Prefabs/BobbleArena.controller
  artifactKey: Guid(001678868e2097d4f88aef840805ef16) Importer(815301076,1909f56bfc062723c751e8b465ee728b)
Start importing Assets/Prefabs/BobbleArena.controller using Guid(001678868e2097d4f88aef840805ef16) Importer(815301076,1909f56bfc062723c751e8b465ee728b)  -> (artifact id: '9bdfc6affb04a6a47524b808408adbfd') in 0.233925 seconds 
  Import took 0.312830 seconds .

========================================================================
Received Import Request.
  Time since last request: 72.106309 seconds.
  path: Assets/Animations/Walls.anim
  artifactKey: Guid(e10a0b1aa53bc1246b4b1d36c0116c73) Importer(815301076,1909f56bfc062723c751e8b465ee728b)
Start importing Assets/Animations/Walls.anim using Guid(e10a0b1aa53bc1246b4b1d36c0116c73) Importer(815301076,1909f56bfc062723c751e8b465ee728b)  -> (artifact id: '6ba2e7e935269ad3283caf6ffff38717') in 0.027393 seconds 
  Import took 0.098150 seconds .

========================================================================
Received Import Request.
  Time since last request: 0.059133 seconds.
  path: Assets/Animations/Walls.anim
  artifactKey: Guid(e10a0b1aa53bc1246b4b1d36c0116c73) Importer(815301076,1909f56bfc062723c751e8b465ee728b)
Start importing Assets/Animations/Walls.anim using Guid(e10a0b1aa53bc1246b4b1d36c0116c73) Importer(815301076,1909f56bfc062723c751e8b465ee728b)  -> (artifact id: '6ba2e7e935269ad3283caf6ffff38717') in 0.035567 seconds 
  Import took 0.111502 seconds .

========================================================================
Received Prepare
Registering precompiled user dll's ...
Registered in 0.032258 seconds.
Begin MonoManager ReloadAssembly
Native extension for WindowsStandalone target not found
Refreshing native plugins compatible for Editor in 1.04 ms, found 2 plugins.
Preloading 0 native plugins for Editor in 0.00 ms.
Mono: successfully reloaded assembly
- Completed reload, in  1.974 seconds
Domain Reload Profiling:
	ReloadAssembly (1975ms)
		BeginReloadAssembly (203ms)
			ExecutionOrderSort (0ms)
			DisableScriptedObjects (12ms)
			BackupInstance (0ms)
			ReleaseScriptingObjects (0ms)
			CreateAndSetChildDomain (51ms)
		EndReloadAssembly (1658ms)
			LoadAssemblies (186ms)
			RebuildTransferFunctionScriptingTraits (0ms)
			SetupTypeCache (444ms)
			ReleaseScriptCaches (1ms)
			RebuildScriptCaches (82ms)
			SetupLoadedEditorAssemblies (717ms)
				LogAssemblyErrors (0ms)
				InitializePlatformSupportModulesInManaged (9ms)
				SetLoadedEditorAssemblies (1ms)
				RefreshPlugins (1ms)
				BeforeProcessingInitializeOnLoad (148ms)
				ProcessInitializeOnLoadAttributes (483ms)
				ProcessInitializeOnLoadMethodAttributes (62ms)
				AfterProcessingInitializeOnLoad (12ms)
				EditorAssembliesLoaded (0ms)
			ExecutionOrderSort2 (0ms)
			AwakeInstancesAfterBackupRestoration (12ms)
Platform modules already initialized, skipping
Refreshing native plugins compatible for Editor in 1.13 ms, found 2 plugins.
Preloading 0 native plugins for Editor in 0.00 ms.
Unloading 1968 Unused Serialized files (Serialized files now loaded: 0)
System memory in use before: 84.4 MB.
System memory in use after: 84.6 MB.

Unloading 49 unused Assets to reduce memory usage. Loaded Objects now: 2400.
Total: 9.149700 ms (FindLiveObjects: 0.221800 ms CreateObjectMapping: 0.090700 ms MarkObjects: 8.780200 ms  DeleteObjects: 0.054700 ms)

AssetImportParameters requested are different than current active one (requested -> active):
  custom:framework-win-MediaFoundation: 216162199b28c13a410421893ffa2e32 -> 
  custom:video-decoder-ogg-theora: a1e56fd34408186e4bbccfd4996cb3dc -> 
  custom:container-muxer-webm: aa71ff27fc2769a1b78a27578f13a17b -> 
  custom:container-demuxer-webm: 4f35f7cbe854078d1ac9338744f61a02 -> 
  custom:container-demuxer-ogg: 62fdf1f143b41e24485cea50d1cbac27 -> 
  custom:video-encoder-webm-vp8: eb34c28f22e8b96e1ab97ce403110664 -> 
  custom:video-decoder-webm-vp8: 9c59270c3fd7afecdb556c50c9e8de78 -> 
  custom:audio-decoder-ogg-vorbis: bf7c407c2cedff20999df2af8eb42d56 -> 
  custom:audio-encoder-webm-vorbis: bf7c407c2cedff20999df2af8eb42d56 -> 
========================================================================
Received Import Request.
  Time since last request: 484.743091 seconds.
  path: Assets/Prefabs/BobbleArena.controller
  artifactKey: Guid(001678868e2097d4f88aef840805ef16) Importer(815301076,1909f56bfc062723c751e8b465ee728b)
Start importing Assets/Prefabs/BobbleArena.controller using Guid(001678868e2097d4f88aef840805ef16) Importer(815301076,1909f56bfc062723c751e8b465ee728b)  -> (artifact id: '1ce844f5bdab8223aa112fc12500a29e') in 0.067959 seconds 
  Import took 0.170193 seconds .

========================================================================
Received Import Request.
  Time since last request: 111.962321 seconds.
  path: Assets/Prefabs/BobbleArena.controller
  artifactKey: Guid(001678868e2097d4f88aef840805ef16) Importer(815301076,1909f56bfc062723c751e8b465ee728b)
Start importing Assets/Prefabs/BobbleArena.controller using Guid(001678868e2097d4f88aef840805ef16) Importer(815301076,1909f56bfc062723c751e8b465ee728b)  -> (artifact id: '53a9580cfa12918f8c9d437e6451af44') in 0.036575 seconds 
  Import took 0.048698 seconds .

