Using pre-set license
Built from '2020.3/staging' branch; Version is '2020.3.17f1 (a4537701e4ab) revision 10769271'; Using compiler version '192528614'; Build Type 'Release'
OS: 'Windows 10 Home; OS build 19043.1237; Version 2009; 64bit' Language: 'en' Physical Memory: 3996 MB
BatchMode: 1, IsHumanControllingUs: 0, StartBugReporterOnCrash: 0, Is64bit: 1, IsPro: 0

COMMAND LINE ARGUMENTS:
C:\Program Files\Unity\Hub\Editor\2020.3.17f1\Editor\Unity.exe
-adb2
-batchMode
-noUpm
-name
AssetImportWorker0
-projectPath
C:/Users/User/OneDrive - St. Lawrence College/GAME312/Bobblehead Wars
-logFile
Logs/AssetImportWorker0.log
-srvPort
52739
Successfully changed project path to: C:/Users/User/OneDrive - St. Lawrence College/GAME312/Bobblehead Wars
C:/Users/User/OneDrive - St. Lawrence College/GAME312/Bobblehead Wars
Using Asset Import Pipeline V2.
Refreshing native plugins compatible for Editor in 120.99 ms, found 2 plugins.
Preloading 0 native plugins for Editor in 0.00 ms.
Initialize engine version: 2020.3.17f1 (a4537701e4ab)
[Subsystems] Discovering subsystems at path C:/Program Files/Unity/Hub/Editor/2020.3.17f1/Editor/Data/Resources/UnitySubsystems
[Subsystems] Discovering subsystems at path C:/Users/User/OneDrive - St. Lawrence College/GAME312/Bobblehead Wars/Assets
GfxDevice: creating device client; threaded=0
Direct3D:
    Version:  Direct3D 11.0 [level 10.1]
    Renderer: Intel(R) HD Graphics (ID=0x102)
    Vendor:   
    VRAM:     128 MB
    Driver:   9.17.10.4459
Initialize mono
Mono path[0] = 'C:/Program Files/Unity/Hub/Editor/2020.3.17f1/Editor/Data/Managed'
Mono path[1] = 'C:/Program Files/Unity/Hub/Editor/2020.3.17f1/Editor/Data/MonoBleedingEdge/lib/mono/unityjit'
Mono config path = 'C:/Program Files/Unity/Hub/Editor/2020.3.17f1/Editor/Data/MonoBleedingEdge/etc'
Using monoOptions --debugger-agent=transport=dt_socket,embedding=1,server=y,suspend=n,address=127.0.0.1:56960
Begin MonoManager ReloadAssembly
Registering precompiled unity dll's ...
Register platform support module: C:/Program Files/Unity/Hub/Editor/2020.3.17f1/Editor/Data/PlaybackEngines/WindowsStandaloneSupport/UnityEditor.WindowsStandalone.Extensions.dll
Registered in 0.004049 seconds.
Native extension for WindowsStandalone target not found
Refreshing native plugins compatible for Editor in 95.06 ms, found 2 plugins.
Preloading 0 native plugins for Editor in 0.00 ms.
Mono: successfully reloaded assembly
- Completed reload, in  2.508 seconds
Domain Reload Profiling:
	ReloadAssembly (2508ms)
		BeginReloadAssembly (110ms)
			ExecutionOrderSort (0ms)
			DisableScriptedObjects (0ms)
			BackupInstance (0ms)
			ReleaseScriptingObjects (0ms)
			CreateAndSetChildDomain (2ms)
		EndReloadAssembly (899ms)
			LoadAssemblies (103ms)
			RebuildTransferFunctionScriptingTraits (0ms)
			SetupTypeCache (347ms)
			ReleaseScriptCaches (0ms)
			RebuildScriptCaches (62ms)
			SetupLoadedEditorAssemblies (332ms)
				LogAssemblyErrors (0ms)
				InitializePlatformSupportModulesInManaged (6ms)
				SetLoadedEditorAssemblies (0ms)
				RefreshPlugins (95ms)
				BeforeProcessingInitializeOnLoad (26ms)
				ProcessInitializeOnLoadAttributes (151ms)
				ProcessInitializeOnLoadMethodAttributes (53ms)
				AfterProcessingInitializeOnLoad (0ms)
				EditorAssembliesLoaded (0ms)
			ExecutionOrderSort2 (0ms)
			AwakeInstancesAfterBackupRestoration (0ms)
Platform modules already initialized, skipping
Registering precompiled user dll's ...
Registered in 0.013185 seconds.
Begin MonoManager ReloadAssembly
Native extension for WindowsStandalone target not found
Refreshing native plugins compatible for Editor in 1.17 ms, found 2 plugins.
Preloading 0 native plugins for Editor in 0.00 ms.
Mono: successfully reloaded assembly
- Completed reload, in  2.601 seconds
Domain Reload Profiling:
	ReloadAssembly (2603ms)
		BeginReloadAssembly (296ms)
			ExecutionOrderSort (0ms)
			DisableScriptedObjects (10ms)
			BackupInstance (0ms)
			ReleaseScriptingObjects (0ms)
			CreateAndSetChildDomain (33ms)
		EndReloadAssembly (2146ms)
			LoadAssemblies (183ms)
			RebuildTransferFunctionScriptingTraits (0ms)
			SetupTypeCache (611ms)
			ReleaseScriptCaches (1ms)
			RebuildScriptCaches (90ms)
			SetupLoadedEditorAssemblies (1066ms)
				LogAssemblyErrors (0ms)
				InitializePlatformSupportModulesInManaged (8ms)
				SetLoadedEditorAssemblies (2ms)
				RefreshPlugins (1ms)
				BeforeProcessingInitializeOnLoad (170ms)
				ProcessInitializeOnLoadAttributes (817ms)
				ProcessInitializeOnLoadMethodAttributes (57ms)
				AfterProcessingInitializeOnLoad (11ms)
				EditorAssembliesLoaded (0ms)
			ExecutionOrderSort2 (0ms)
			AwakeInstancesAfterBackupRestoration (11ms)
Platform modules already initialized, skipping
========================================================================
Worker process is ready to serve import requests
Launched and connected shader compiler UnityShaderCompiler.exe after 1.89 seconds
Refreshing native plugins compatible for Editor in 1.05 ms, found 2 plugins.
Preloading 0 native plugins for Editor in 0.00 ms.
Unloading 1972 Unused Serialized files (Serialized files now loaded: 0)
System memory in use before: 81.3 MB.
System memory in use after: 81.4 MB.

Unloading 58 unused Assets to reduce memory usage. Loaded Objects now: 2377.
Total: 10.185000 ms (FindLiveObjects: 0.563600 ms CreateObjectMapping: 0.122300 ms MarkObjects: 9.361000 ms  DeleteObjects: 0.135700 ms)

AssetImportParameters requested are different than current active one (requested -> active):
  custom:framework-win-MediaFoundation: 216162199b28c13a410421893ffa2e32 -> 
  custom:video-decoder-ogg-theora: a1e56fd34408186e4bbccfd4996cb3dc -> 
  custom:container-muxer-webm: aa71ff27fc2769a1b78a27578f13a17b -> 
  custom:container-demuxer-webm: 4f35f7cbe854078d1ac9338744f61a02 -> 
  custom:container-demuxer-ogg: 62fdf1f143b41e24485cea50d1cbac27 -> 
  custom:video-encoder-webm-vp8: eb34c28f22e8b96e1ab97ce403110664 -> 
  custom:video-decoder-webm-vp8: 9c59270c3fd7afecdb556c50c9e8de78 -> 
  custom:audio-decoder-ogg-vorbis: bf7c407c2cedff20999df2af8eb42d56 -> 
  custom:audio-encoder-webm-vorbis: bf7c407c2cedff20999df2af8eb42d56 -> 
========================================================================
Received Import Request.
  path: Assets/Prefabs/Alien.prefab
  artifactKey: Guid(193a630378df98f40b4487b5a2d104e3) Importer(815301076,1909f56bfc062723c751e8b465ee728b)
Start importing Assets/Prefabs/Alien.prefab using Guid(193a630378df98f40b4487b5a2d104e3) Importer(815301076,1909f56bfc062723c751e8b465ee728b)  -> (artifact id: '9e58b686909c4b0108c88e56e12727d6') in 1.604872 seconds 
  Import took 1.633477 seconds .

========================================================================
Received Import Request.
  Time since last request: 101.608484 seconds.
  path: Assets/Prefabs/Alien.prefab
  artifactKey: Guid(193a630378df98f40b4487b5a2d104e3) Importer(815301076,1909f56bfc062723c751e8b465ee728b)
Start importing Assets/Prefabs/Alien.prefab using Guid(193a630378df98f40b4487b5a2d104e3) Importer(815301076,1909f56bfc062723c751e8b465ee728b)  -> (artifact id: 'e96db78aa12d8a8ea8926126353dde39') in 0.053999 seconds 
  Import took 0.075425 seconds .

========================================================================
Received Import Request.
  Time since last request: 16.374056 seconds.
  path: Assets/Prefabs/Alien.prefab
  artifactKey: Guid(193a630378df98f40b4487b5a2d104e3) Importer(815301076,1909f56bfc062723c751e8b465ee728b)
Start importing Assets/Prefabs/Alien.prefab using Guid(193a630378df98f40b4487b5a2d104e3) Importer(815301076,1909f56bfc062723c751e8b465ee728b)  -> (artifact id: 'dfb09684becdb736eb904f8d86070cd2') in 0.062452 seconds 
  Import took 0.079186 seconds .

========================================================================
Received Prepare
Registering precompiled user dll's ...
Registered in 0.033861 seconds.
Begin MonoManager ReloadAssembly
Native extension for WindowsStandalone target not found
Refreshing native plugins compatible for Editor in 1.20 ms, found 2 plugins.
Preloading 0 native plugins for Editor in 0.00 ms.
Mono: successfully reloaded assembly
- Completed reload, in  2.259 seconds
Domain Reload Profiling:
	ReloadAssembly (2260ms)
		BeginReloadAssembly (323ms)
			ExecutionOrderSort (0ms)
			DisableScriptedObjects (16ms)
			BackupInstance (0ms)
			ReleaseScriptingObjects (0ms)
			CreateAndSetChildDomain (98ms)
		EndReloadAssembly (1814ms)
			LoadAssemblies (232ms)
			RebuildTransferFunctionScriptingTraits (0ms)
			SetupTypeCache (509ms)
			ReleaseScriptCaches (1ms)
			RebuildScriptCaches (80ms)
			SetupLoadedEditorAssemblies (883ms)
				LogAssemblyErrors (0ms)
				InitializePlatformSupportModulesInManaged (8ms)
				SetLoadedEditorAssemblies (1ms)
				RefreshPlugins (1ms)
				BeforeProcessingInitializeOnLoad (179ms)
				ProcessInitializeOnLoadAttributes (613ms)
				ProcessInitializeOnLoadMethodAttributes (69ms)
				AfterProcessingInitializeOnLoad (11ms)
				EditorAssembliesLoaded (0ms)
			ExecutionOrderSort2 (0ms)
			AwakeInstancesAfterBackupRestoration (12ms)
Platform modules already initialized, skipping
Refreshing native plugins compatible for Editor in 1.07 ms, found 2 plugins.
Preloading 0 native plugins for Editor in 0.00 ms.
Unloading 1967 Unused Serialized files (Serialized files now loaded: 0)
System memory in use before: 84.2 MB.
System memory in use after: 84.3 MB.

Unloading 49 unused Assets to reduce memory usage. Loaded Objects now: 2387.
Total: 10.765100 ms (FindLiveObjects: 0.220300 ms CreateObjectMapping: 0.090800 ms MarkObjects: 10.395800 ms  DeleteObjects: 0.055600 ms)

AssetImportParameters requested are different than current active one (requested -> active):
  custom:framework-win-MediaFoundation: 216162199b28c13a410421893ffa2e32 -> 
  custom:video-decoder-ogg-theora: a1e56fd34408186e4bbccfd4996cb3dc -> 
  custom:container-muxer-webm: aa71ff27fc2769a1b78a27578f13a17b -> 
  custom:container-demuxer-webm: 4f35f7cbe854078d1ac9338744f61a02 -> 
  custom:container-demuxer-ogg: 62fdf1f143b41e24485cea50d1cbac27 -> 
  custom:video-encoder-webm-vp8: eb34c28f22e8b96e1ab97ce403110664 -> 
  custom:video-decoder-webm-vp8: 9c59270c3fd7afecdb556c50c9e8de78 -> 
  custom:audio-decoder-ogg-vorbis: bf7c407c2cedff20999df2af8eb42d56 -> 
  custom:audio-encoder-webm-vorbis: bf7c407c2cedff20999df2af8eb42d56 -> 
========================================================================
Received Prepare
Registering precompiled user dll's ...
Registered in 0.017780 seconds.
Begin MonoManager ReloadAssembly
Native extension for WindowsStandalone target not found
Refreshing native plugins compatible for Editor in 1.04 ms, found 2 plugins.
Preloading 0 native plugins for Editor in 0.00 ms.
Mono: successfully reloaded assembly
- Completed reload, in  2.624 seconds
Domain Reload Profiling:
	ReloadAssembly (2625ms)
		BeginReloadAssembly (217ms)
			ExecutionOrderSort (0ms)
			DisableScriptedObjects (11ms)
			BackupInstance (0ms)
			ReleaseScriptingObjects (0ms)
			CreateAndSetChildDomain (54ms)
		EndReloadAssembly (2286ms)
			LoadAssemblies (203ms)
			RebuildTransferFunctionScriptingTraits (0ms)
			SetupTypeCache (546ms)
			ReleaseScriptCaches (2ms)
			RebuildScriptCaches (82ms)
			SetupLoadedEditorAssemblies (1059ms)
				LogAssemblyErrors (0ms)
				InitializePlatformSupportModulesInManaged (9ms)
				SetLoadedEditorAssemblies (1ms)
				RefreshPlugins (1ms)
				BeforeProcessingInitializeOnLoad (154ms)
				ProcessInitializeOnLoadAttributes (814ms)
				ProcessInitializeOnLoadMethodAttributes (69ms)
				AfterProcessingInitializeOnLoad (11ms)
				EditorAssembliesLoaded (0ms)
			ExecutionOrderSort2 (0ms)
			AwakeInstancesAfterBackupRestoration (35ms)
Platform modules already initialized, skipping
Refreshing native plugins compatible for Editor in 1.23 ms, found 2 plugins.
Preloading 0 native plugins for Editor in 0.00 ms.
Unloading 1967 Unused Serialized files (Serialized files now loaded: 0)
System memory in use before: 84.3 MB.
System memory in use after: 84.4 MB.

Unloading 49 unused Assets to reduce memory usage. Loaded Objects now: 2389.
Total: 9.655000 ms (FindLiveObjects: 0.259000 ms CreateObjectMapping: 0.089100 ms MarkObjects: 9.254400 ms  DeleteObjects: 0.050100 ms)

AssetImportParameters requested are different than current active one (requested -> active):
  custom:framework-win-MediaFoundation: 216162199b28c13a410421893ffa2e32 -> 
  custom:video-decoder-ogg-theora: a1e56fd34408186e4bbccfd4996cb3dc -> 
  custom:container-muxer-webm: aa71ff27fc2769a1b78a27578f13a17b -> 
  custom:container-demuxer-webm: 4f35f7cbe854078d1ac9338744f61a02 -> 
  custom:container-demuxer-ogg: 62fdf1f143b41e24485cea50d1cbac27 -> 
  custom:video-encoder-webm-vp8: eb34c28f22e8b96e1ab97ce403110664 -> 
  custom:video-decoder-webm-vp8: 9c59270c3fd7afecdb556c50c9e8de78 -> 
  custom:audio-decoder-ogg-vorbis: bf7c407c2cedff20999df2af8eb42d56 -> 
  custom:audio-encoder-webm-vorbis: bf7c407c2cedff20999df2af8eb42d56 -> 
========================================================================
Received Import Request.
  Time since last request: 163.637951 seconds.
  path: Assets/Scripts/Alien.cs
  artifactKey: Guid(5147d881aa2e6514fac9b47ee11828c3) Importer(815301076,1909f56bfc062723c751e8b465ee728b)
Start importing Assets/Scripts/Alien.cs using Guid(5147d881aa2e6514fac9b47ee11828c3) Importer(815301076,1909f56bfc062723c751e8b465ee728b)  -> (artifact id: 'e2967555b9cf4d0d2fcdbc2ede6d100e') in 0.467537 seconds 
  Import took 0.480850 seconds .

========================================================================
Received Import Request.
  Time since last request: 433.210828 seconds.
  path: Assets/Scripts/Alien.cs
  artifactKey: Guid(5147d881aa2e6514fac9b47ee11828c3) Importer(815301076,1909f56bfc062723c751e8b465ee728b)
Start importing Assets/Scripts/Alien.cs using Guid(5147d881aa2e6514fac9b47ee11828c3) Importer(815301076,1909f56bfc062723c751e8b465ee728b)  -> (artifact id: '4f7a44c463e1b75b6ffc035ce637cc5a') in 0.229642 seconds 
  Import took 0.304647 seconds .

========================================================================
Received Import Request.
  Time since last request: 336.803625 seconds.
  path: Assets/Scripts/Alien.cs
  artifactKey: Guid(5147d881aa2e6514fac9b47ee11828c3) Importer(815301076,1909f56bfc062723c751e8b465ee728b)
Start importing Assets/Scripts/Alien.cs using Guid(5147d881aa2e6514fac9b47ee11828c3) Importer(815301076,1909f56bfc062723c751e8b465ee728b)  -> (artifact id: 'e99fe313302ea2bd3dc360ffb715505b') in 0.094336 seconds 
  Import took 0.107271 seconds .

========================================================================
Received Import Request.
  Time since last request: 52.495074 seconds.
  path: Assets/Prefabs/Alien.prefab
  artifactKey: Guid(193a630378df98f40b4487b5a2d104e3) Importer(815301076,1909f56bfc062723c751e8b465ee728b)
Start importing Assets/Prefabs/Alien.prefab using Guid(193a630378df98f40b4487b5a2d104e3) Importer(815301076,1909f56bfc062723c751e8b465ee728b)  -> (artifact id: '0d3b67a2878f3128a5a077b85cc426b6') in 27.789233 seconds 
  Import took 27.916216 seconds .

========================================================================
Received Import Request.
  Time since last request: 23.501374 seconds.
  path: Assets/Prefabs/Alien.prefab
  artifactKey: Guid(193a630378df98f40b4487b5a2d104e3) Importer(815301076,1909f56bfc062723c751e8b465ee728b)
Start importing Assets/Prefabs/Alien.prefab using Guid(193a630378df98f40b4487b5a2d104e3) Importer(815301076,1909f56bfc062723c751e8b465ee728b)  -> (artifact id: 'f9b0e5ede844de9f661c3fc64ed92162') in 0.404958 seconds 
  Import took 0.422213 seconds .

========================================================================
Received Import Request.
  Time since last request: 7.550154 seconds.
  path: Assets/Prefabs/Alien.prefab
  artifactKey: Guid(193a630378df98f40b4487b5a2d104e3) Importer(815301076,1909f56bfc062723c751e8b465ee728b)
Start importing Assets/Prefabs/Alien.prefab using Guid(193a630378df98f40b4487b5a2d104e3) Importer(815301076,1909f56bfc062723c751e8b465ee728b)  -> (artifact id: 'f88c1182001493140abc403b9804d548') in 0.136196 seconds 
  Import took 0.158049 seconds .

========================================================================
Received Import Request.
  Time since last request: 66.617782 seconds.
  path: Assets/Prefabs/BobbleArena-Column.prefab
  artifactKey: Guid(53d4a9371b0dadd49823a50066612472) Importer(815301076,1909f56bfc062723c751e8b465ee728b)
Start importing Assets/Prefabs/BobbleArena-Column.prefab using Guid(53d4a9371b0dadd49823a50066612472) Importer(815301076,1909f56bfc062723c751e8b465ee728b)  -> (artifact id: 'a890a6ca6e8e879b9dcfc849f57eb4b1') in 0.538887 seconds 
  Import took 0.554922 seconds .

========================================================================
Received Import Request.
  Time since last request: 17.807993 seconds.
  path: Assets/Prefabs/BobbleArena-Column.prefab
  artifactKey: Guid(53d4a9371b0dadd49823a50066612472) Importer(815301076,1909f56bfc062723c751e8b465ee728b)
Start importing Assets/Prefabs/BobbleArena-Column.prefab using Guid(53d4a9371b0dadd49823a50066612472) Importer(815301076,1909f56bfc062723c751e8b465ee728b)  -> (artifact id: '19acce96d793ef9865beebe404aa1cb0') in 0.097682 seconds 
  Import took 0.107941 seconds .

========================================================================
Received Import Request.
  Time since last request: 0.031680 seconds.
  path: Assets/Prefabs/BobbleArena-Column.prefab
  artifactKey: Guid(53d4a9371b0dadd49823a50066612472) Importer(815301076,1909f56bfc062723c751e8b465ee728b)
Start importing Assets/Prefabs/BobbleArena-Column.prefab using Guid(53d4a9371b0dadd49823a50066612472) Importer(815301076,1909f56bfc062723c751e8b465ee728b)  -> (artifact id: '19acce96d793ef9865beebe404aa1cb0') in 0.165003 seconds 
  Import took 0.193379 seconds .

========================================================================
Received Import Request.
  Time since last request: 2.194557 seconds.
  path: Assets/Prefabs/BobbleArena-Column.prefab
  artifactKey: Guid(53d4a9371b0dadd49823a50066612472) Importer(815301076,1909f56bfc062723c751e8b465ee728b)
Start importing Assets/Prefabs/BobbleArena-Column.prefab using Guid(53d4a9371b0dadd49823a50066612472) Importer(815301076,1909f56bfc062723c751e8b465ee728b)  -> (artifact id: 'd11a473533e389664c5b4f081b3f43b8') in 0.131277 seconds 
  Import took 0.142981 seconds .

========================================================================
Received Import Request.
  Time since last request: 5.198239 seconds.
  path: Assets/Prefabs/BobbleArena-Column.prefab
  artifactKey: Guid(53d4a9371b0dadd49823a50066612472) Importer(815301076,1909f56bfc062723c751e8b465ee728b)
Start importing Assets/Prefabs/BobbleArena-Column.prefab using Guid(53d4a9371b0dadd49823a50066612472) Importer(815301076,1909f56bfc062723c751e8b465ee728b)  -> (artifact id: 'e0443afed327346e720b5aa81114b383') in 0.146671 seconds 
  Import took 0.193294 seconds .

========================================================================
Received Import Request.
  Time since last request: 17.082321 seconds.
  path: Assets/Prefabs/BobbleArena-Column.prefab
  artifactKey: Guid(53d4a9371b0dadd49823a50066612472) Importer(815301076,1909f56bfc062723c751e8b465ee728b)
Start importing Assets/Prefabs/BobbleArena-Column.prefab using Guid(53d4a9371b0dadd49823a50066612472) Importer(815301076,1909f56bfc062723c751e8b465ee728b)  -> (artifact id: 'f6f305013f9c736de15fb8ce3771171d') in 0.060878 seconds 
  Import took 0.077903 seconds .

========================================================================
Received Import Request.
  Time since last request: 1156.907556 seconds.
  path: Assets/Prefabs/Alien.prefab
  artifactKey: Guid(193a630378df98f40b4487b5a2d104e3) Importer(815301076,1909f56bfc062723c751e8b465ee728b)
Start importing Assets/Prefabs/Alien.prefab using Guid(193a630378df98f40b4487b5a2d104e3) Importer(815301076,1909f56bfc062723c751e8b465ee728b)  -> (artifact id: 'd0b08e3a069083a716b820530b752a74') in 7.753352 seconds 
  Import took 8.039429 seconds .

========================================================================
Received Import Request.
  Time since last request: 8.937606 seconds.
  path: Assets/Prefabs/Alien.prefab
  artifactKey: Guid(193a630378df98f40b4487b5a2d104e3) Importer(815301076,1909f56bfc062723c751e8b465ee728b)
Start importing Assets/Prefabs/Alien.prefab using Guid(193a630378df98f40b4487b5a2d104e3) Importer(815301076,1909f56bfc062723c751e8b465ee728b)  -> (artifact id: '1663f1dd9c3079e91ed2c50e957254c9') in 1.391360 seconds 
  Import took 1.718495 seconds .

========================================================================
Received Import Request.
  Time since last request: 120.767082 seconds.
  path: ProjectSettings/TagManager.asset
  artifactKey: Guid(00000000000000003000000000000000) Importer(815301076,1909f56bfc062723c751e8b465ee728b)
Start importing ProjectSettings/TagManager.asset using Guid(00000000000000003000000000000000) Importer(815301076,1909f56bfc062723c751e8b465ee728b)  -> (artifact id: '26c1379397cadc0444e37c97e24bd52e') in 1.064666 seconds 
  Import took 1.229347 seconds .

========================================================================
Received Import Request.
  Time since last request: 29.960302 seconds.
  path: Assets/Prefabs/BobbleArena-Column.prefab
  artifactKey: Guid(53d4a9371b0dadd49823a50066612472) Importer(815301076,1909f56bfc062723c751e8b465ee728b)
Start importing Assets/Prefabs/BobbleArena-Column.prefab using Guid(53d4a9371b0dadd49823a50066612472) Importer(815301076,1909f56bfc062723c751e8b465ee728b)  -> (artifact id: '8fa2c3efcab7a86698af14ea96c0aa64') in 0.831918 seconds 
  Import took 0.854606 seconds .

