Using pre-set license
Built from '2020.3/staging' branch; Version is '2020.3.17f1 (a4537701e4ab) revision 10769271'; Using compiler version '192528614'; Build Type 'Release'
OS: 'Windows 10 Home; OS build 19042.1237; Version 2009; 64bit' Language: 'en' Physical Memory: 6023 MB
BatchMode: 1, IsHumanControllingUs: 0, StartBugReporterOnCrash: 0, Is64bit: 1, IsPro: 0

COMMAND LINE ARGUMENTS:
C:\Program Files\Unity\Hub\Editor\2020.3.17f1\Editor\Unity.exe
-adb2
-batchMode
-noUpm
-name
AssetImportWorker2
-projectPath
C:/Users/benoi/OneDrive - St. Lawrence College/GAME312/Bobblehead Wars
-logFile
Logs/AssetImportWorker2.log
-srvPort
63689
Successfully changed project path to: C:/Users/benoi/OneDrive - St. Lawrence College/GAME312/Bobblehead Wars
C:/Users/benoi/OneDrive - St. Lawrence College/GAME312/Bobblehead Wars
Using Asset Import Pipeline V2.
Refreshing native plugins compatible for Editor in 160.81 ms, found 2 plugins.
Preloading 0 native plugins for Editor in 0.00 ms.
Initialize engine version: 2020.3.17f1 (a4537701e4ab)
[Subsystems] Discovering subsystems at path C:/Program Files/Unity/Hub/Editor/2020.3.17f1/Editor/Data/Resources/UnitySubsystems
[Subsystems] Discovering subsystems at path C:/Users/benoi/OneDrive - St. Lawrence College/GAME312/Bobblehead Wars/Assets
GfxDevice: creating device client; threaded=0
Direct3D:
    Version:  Direct3D 11.0 [level 11.1]
    Renderer: AMD Radeon(TM) Graphics (ID=0x15d8)
    Vendor:   
    VRAM:     3011 MB
    Driver:   27.20.15002.1004
Initialize mono
Mono path[0] = 'C:/Program Files/Unity/Hub/Editor/2020.3.17f1/Editor/Data/Managed'
Mono path[1] = 'C:/Program Files/Unity/Hub/Editor/2020.3.17f1/Editor/Data/MonoBleedingEdge/lib/mono/unityjit'
Mono config path = 'C:/Program Files/Unity/Hub/Editor/2020.3.17f1/Editor/Data/MonoBleedingEdge/etc'
Using monoOptions --debugger-agent=transport=dt_socket,embedding=1,server=y,suspend=n,address=127.0.0.1:56648
Begin MonoManager ReloadAssembly
Registering precompiled unity dll's ...
Register platform support module: C:/Program Files/Unity/Hub/Editor/2020.3.17f1/Editor/Data/PlaybackEngines/WindowsStandaloneSupport/UnityEditor.WindowsStandalone.Extensions.dll
Registered in 0.006496 seconds.
Native extension for WindowsStandalone target not found
Refreshing native plugins compatible for Editor in 117.19 ms, found 2 plugins.
Preloading 0 native plugins for Editor in 0.00 ms.
Mono: successfully reloaded assembly
- Completed reload, in  3.808 seconds
Domain Reload Profiling:
	ReloadAssembly (3808ms)
		BeginReloadAssembly (160ms)
			ExecutionOrderSort (0ms)
			DisableScriptedObjects (0ms)
			BackupInstance (0ms)
			ReleaseScriptingObjects (0ms)
			CreateAndSetChildDomain (1ms)
		EndReloadAssembly (1525ms)
			LoadAssemblies (155ms)
			RebuildTransferFunctionScriptingTraits (2ms)
			SetupTypeCache (434ms)
			ReleaseScriptCaches (0ms)
			RebuildScriptCaches (55ms)
			SetupLoadedEditorAssemblies (835ms)
				LogAssemblyErrors (0ms)
				InitializePlatformSupportModulesInManaged (11ms)
				SetLoadedEditorAssemblies (0ms)
				RefreshPlugins (117ms)
				BeforeProcessingInitializeOnLoad (89ms)
				ProcessInitializeOnLoadAttributes (463ms)
				ProcessInitializeOnLoadMethodAttributes (154ms)
				AfterProcessingInitializeOnLoad (0ms)
				EditorAssembliesLoaded (1ms)
			ExecutionOrderSort2 (0ms)
			AwakeInstancesAfterBackupRestoration (0ms)
Platform modules already initialized, skipping
Registering precompiled user dll's ...
Registered in 0.034264 seconds.
Begin MonoManager ReloadAssembly
Native extension for WindowsStandalone target not found
Refreshing native plugins compatible for Editor in 0.98 ms, found 2 plugins.
Preloading 0 native plugins for Editor in 0.00 ms.
Mono: successfully reloaded assembly
- Completed reload, in  3.704 seconds
Domain Reload Profiling:
	ReloadAssembly (3708ms)
		BeginReloadAssembly (301ms)
			ExecutionOrderSort (0ms)
			DisableScriptedObjects (9ms)
			BackupInstance (0ms)
			ReleaseScriptingObjects (0ms)
			CreateAndSetChildDomain (49ms)
		EndReloadAssembly (3264ms)
			LoadAssemblies (266ms)
			RebuildTransferFunctionScriptingTraits (0ms)
			SetupTypeCache (890ms)
			ReleaseScriptCaches (1ms)
			RebuildScriptCaches (98ms)
			SetupLoadedEditorAssemblies (1755ms)
				LogAssemblyErrors (0ms)
				InitializePlatformSupportModulesInManaged (13ms)
				SetLoadedEditorAssemblies (2ms)
				RefreshPlugins (2ms)
				BeforeProcessingInitializeOnLoad (172ms)
				ProcessInitializeOnLoadAttributes (1437ms)
				ProcessInitializeOnLoadMethodAttributes (107ms)
				AfterProcessingInitializeOnLoad (21ms)
				EditorAssembliesLoaded (0ms)
			ExecutionOrderSort2 (0ms)
			AwakeInstancesAfterBackupRestoration (18ms)
Platform modules already initialized, skipping
========================================================================
Worker process is ready to serve import requests
Launched and connected shader compiler UnityShaderCompiler.exe after 0.21 seconds
Refreshing native plugins compatible for Editor in 1.13 ms, found 2 plugins.
Preloading 0 native plugins for Editor in 0.00 ms.
Unloading 1976 Unused Serialized files (Serialized files now loaded: 0)
System memory in use before: 81.8 MB.
System memory in use after: 81.9 MB.

Unloading 58 unused Assets to reduce memory usage. Loaded Objects now: 2381.
Total: 16.351900 ms (FindLiveObjects: 0.252600 ms CreateObjectMapping: 0.059100 ms MarkObjects: 15.150900 ms  DeleteObjects: 0.886000 ms)

AssetImportParameters requested are different than current active one (requested -> active):
  custom:framework-win-MediaFoundation: 216162199b28c13a410421893ffa2e32 -> 
  custom:video-decoder-ogg-theora: a1e56fd34408186e4bbccfd4996cb3dc -> 
  custom:container-muxer-webm: aa71ff27fc2769a1b78a27578f13a17b -> 
  custom:container-demuxer-webm: 4f35f7cbe854078d1ac9338744f61a02 -> 
  custom:container-demuxer-ogg: 62fdf1f143b41e24485cea50d1cbac27 -> 
  custom:video-encoder-webm-vp8: eb34c28f22e8b96e1ab97ce403110664 -> 
  custom:video-decoder-webm-vp8: 9c59270c3fd7afecdb556c50c9e8de78 -> 
  custom:audio-decoder-ogg-vorbis: bf7c407c2cedff20999df2af8eb42d56 -> 
  custom:audio-encoder-webm-vorbis: bf7c407c2cedff20999df2af8eb42d56 -> 
========================================================================
Received Import Request.
  path: Assets/Scripts/CameraMovement.cs
  artifactKey: Guid(5d8a3437c972c154292909f6ce797464) Importer(815301076,1909f56bfc062723c751e8b465ee728b)
Start importing Assets/Scripts/CameraMovement.cs using Guid(5d8a3437c972c154292909f6ce797464) Importer(815301076,1909f56bfc062723c751e8b465ee728b)  -> (artifact id: '36c57917ae19f5fd46ccba428cafdb57') in 0.079801 seconds 
  Import took 0.090073 seconds .

========================================================================
Received Import Request.
  Time since last request: 0.000308 seconds.
  path: Assets/Scripts/CameraShake.cs
  artifactKey: Guid(9efe26825c6d3b24aac340ea97076054) Importer(815301076,1909f56bfc062723c751e8b465ee728b)
Start importing Assets/Scripts/CameraShake.cs using Guid(9efe26825c6d3b24aac340ea97076054) Importer(815301076,1909f56bfc062723c751e8b465ee728b)  -> (artifact id: '2c54d74694dc8cfeacc9e7f9fdbe9db3') in 0.070343 seconds 
  Import took 0.080403 seconds .

========================================================================
Received Import Request.
  Time since last request: 0.000298 seconds.
  path: Assets/Scripts/Alien.cs
  artifactKey: Guid(5147d881aa2e6514fac9b47ee11828c3) Importer(815301076,1909f56bfc062723c751e8b465ee728b)
Start importing Assets/Scripts/Alien.cs using Guid(5147d881aa2e6514fac9b47ee11828c3) Importer(815301076,1909f56bfc062723c751e8b465ee728b)  -> (artifact id: '926c3a6d777ed4c73f1a723c124685fc') in 0.065491 seconds 
  Import took 0.078583 seconds .

========================================================================
Received Import Request.
  Time since last request: 0.000303 seconds.
  path: Assets/Scripts/Gun.cs
  artifactKey: Guid(4ef36b40097babf44846854c1beaada5) Importer(815301076,1909f56bfc062723c751e8b465ee728b)
Start importing Assets/Scripts/Gun.cs using Guid(4ef36b40097babf44846854c1beaada5) Importer(815301076,1909f56bfc062723c751e8b465ee728b)  -> (artifact id: 'c6be94185604904133fbf21c175d19e6') in 0.046057 seconds 
  Import took 0.077775 seconds .

========================================================================
Received Import Request.
  Time since last request: 0.000302 seconds.
  path: Assets/Scripts/ArenaWall.cs
  artifactKey: Guid(f98a4e12b4420b94e806df57d915d16f) Importer(815301076,1909f56bfc062723c751e8b465ee728b)
Start importing Assets/Scripts/ArenaWall.cs using Guid(f98a4e12b4420b94e806df57d915d16f) Importer(815301076,1909f56bfc062723c751e8b465ee728b)  -> (artifact id: '20dcd9617d13426bfd8073cbfd828049') in 0.046255 seconds 
  Import took 0.139486 seconds .

========================================================================
Received Import Request.
  Time since last request: 0.000607 seconds.
  path: Assets/Scripts
  artifactKey: Guid(922c817c3bd61418b888883f81da4489) Importer(815301076,1909f56bfc062723c751e8b465ee728b)
Start importing Assets/Scripts using Guid(922c817c3bd61418b888883f81da4489) Importer(815301076,1909f56bfc062723c751e8b465ee728b)  -> (artifact id: '6f41bf8eca4b7e2117fdfeecc06b0803') in 0.030311 seconds 
  Import took 0.086941 seconds .

========================================================================
Received Import Request.
  Time since last request: 0.000289 seconds.
  path: Assets/Scripts/GameManager.cs
  artifactKey: Guid(bffa5f7cb7b4f0640b46598d291b816f) Importer(815301076,1909f56bfc062723c751e8b465ee728b)
Start importing Assets/Scripts/GameManager.cs using Guid(bffa5f7cb7b4f0640b46598d291b816f) Importer(815301076,1909f56bfc062723c751e8b465ee728b)  -> (artifact id: '09b7183ab7edc5ff6a28121bd5120003') in 0.068964 seconds 
  Import took 0.081677 seconds .

========================================================================
Received Import Request.
  Time since last request: 0.395450 seconds.
  path: Assets/Scripts/Projectile.cs
  artifactKey: Guid(afd36d494051c084591d14a19340f8d9) Importer(815301076,1909f56bfc062723c751e8b465ee728b)
Start importing Assets/Scripts/Projectile.cs using Guid(afd36d494051c084591d14a19340f8d9) Importer(815301076,1909f56bfc062723c751e8b465ee728b)  -> (artifact id: '819e5d615834fe964ffb4d5b4fc72093') in 0.022708 seconds 
  Import took 0.034633 seconds .

========================================================================
Received Import Request.
  Time since last request: 5.033107 seconds.
  path: Assets/Scripts/Rotator.cs
  artifactKey: Guid(f1dd500e2e0a248918d31bc97279dd5f) Importer(815301076,1909f56bfc062723c751e8b465ee728b)
Start importing Assets/Scripts/Rotator.cs using Guid(f1dd500e2e0a248918d31bc97279dd5f) Importer(815301076,1909f56bfc062723c751e8b465ee728b)  -> (artifact id: 'fbb079347fc1e2124d86a35208c2746d') in 0.025996 seconds 
  Import took 0.040352 seconds .

========================================================================
Received Import Request.
  Time since last request: 238.856653 seconds.
  path: Assets/Sounds/MasterMix.mixer
  artifactKey: Guid(424ba3b0a45b53c49b629f3cbc3dc57f) Importer(815301076,1909f56bfc062723c751e8b465ee728b)
Start importing Assets/Sounds/MasterMix.mixer using Guid(424ba3b0a45b53c49b629f3cbc3dc57f) Importer(815301076,1909f56bfc062723c751e8b465ee728b)  -> (artifact id: 'df6fe4246459ca3ae5c13d8ad82c6bcb') in 0.148621 seconds 
  Import took 0.163973 seconds .

========================================================================
Received Prepare
Registering precompiled user dll's ...
Registered in 0.029174 seconds.
Begin MonoManager ReloadAssembly
Native extension for WindowsStandalone target not found
Refreshing native plugins compatible for Editor in 1.28 ms, found 2 plugins.
Preloading 0 native plugins for Editor in 0.00 ms.
Mono: successfully reloaded assembly
- Completed reload, in  3.262 seconds
Domain Reload Profiling:
	ReloadAssembly (3263ms)
		BeginReloadAssembly (340ms)
			ExecutionOrderSort (0ms)
			DisableScriptedObjects (12ms)
			BackupInstance (0ms)
			ReleaseScriptingObjects (0ms)
			CreateAndSetChildDomain (98ms)
		EndReloadAssembly (2718ms)
			LoadAssemblies (507ms)
			RebuildTransferFunctionScriptingTraits (0ms)
			SetupTypeCache (1000ms)
			ReleaseScriptCaches (1ms)
			RebuildScriptCaches (171ms)
			SetupLoadedEditorAssemblies (789ms)
				LogAssemblyErrors (0ms)
				InitializePlatformSupportModulesInManaged (10ms)
				SetLoadedEditorAssemblies (1ms)
				RefreshPlugins (1ms)
				BeforeProcessingInitializeOnLoad (142ms)
				ProcessInitializeOnLoadAttributes (569ms)
				ProcessInitializeOnLoadMethodAttributes (50ms)
				AfterProcessingInitializeOnLoad (16ms)
				EditorAssembliesLoaded (0ms)
			ExecutionOrderSort2 (0ms)
			AwakeInstancesAfterBackupRestoration (10ms)
Platform modules already initialized, skipping
Refreshing native plugins compatible for Editor in 0.94 ms, found 2 plugins.
Preloading 0 native plugins for Editor in 0.00 ms.
Unloading 1970 Unused Serialized files (Serialized files now loaded: 0)
System memory in use before: 81.6 MB.
System memory in use after: 81.8 MB.

Unloading 49 unused Assets to reduce memory usage. Loaded Objects now: 2383.
Total: 9.559900 ms (FindLiveObjects: 0.281600 ms CreateObjectMapping: 0.062300 ms MarkObjects: 9.162900 ms  DeleteObjects: 0.051200 ms)

AssetImportParameters requested are different than current active one (requested -> active):
  custom:framework-win-MediaFoundation: 216162199b28c13a410421893ffa2e32 -> 
  custom:video-decoder-ogg-theora: a1e56fd34408186e4bbccfd4996cb3dc -> 
  custom:container-muxer-webm: aa71ff27fc2769a1b78a27578f13a17b -> 
  custom:container-demuxer-webm: 4f35f7cbe854078d1ac9338744f61a02 -> 
  custom:container-demuxer-ogg: 62fdf1f143b41e24485cea50d1cbac27 -> 
  custom:video-encoder-webm-vp8: eb34c28f22e8b96e1ab97ce403110664 -> 
  custom:video-decoder-webm-vp8: 9c59270c3fd7afecdb556c50c9e8de78 -> 
  custom:audio-decoder-ogg-vorbis: bf7c407c2cedff20999df2af8eb42d56 -> 
  custom:audio-encoder-webm-vorbis: bf7c407c2cedff20999df2af8eb42d56 -> 
========================================================================
Received Prepare
Registering precompiled user dll's ...
Registered in 0.020841 seconds.
Begin MonoManager ReloadAssembly
Native extension for WindowsStandalone target not found
Refreshing native plugins compatible for Editor in 1.22 ms, found 2 plugins.
Preloading 0 native plugins for Editor in 0.00 ms.
Mono: successfully reloaded assembly
- Completed reload, in  2.536 seconds
Domain Reload Profiling:
	ReloadAssembly (2537ms)
		BeginReloadAssembly (225ms)
			ExecutionOrderSort (0ms)
			DisableScriptedObjects (13ms)
			BackupInstance (0ms)
			ReleaseScriptingObjects (0ms)
			CreateAndSetChildDomain (57ms)
		EndReloadAssembly (2012ms)
			LoadAssemblies (222ms)
			RebuildTransferFunctionScriptingTraits (0ms)
			SetupTypeCache (642ms)
			ReleaseScriptCaches (2ms)
			RebuildScriptCaches (74ms)
			SetupLoadedEditorAssemblies (873ms)
				LogAssemblyErrors (0ms)
				InitializePlatformSupportModulesInManaged (9ms)
				SetLoadedEditorAssemblies (1ms)
				RefreshPlugins (1ms)
				BeforeProcessingInitializeOnLoad (154ms)
				ProcessInitializeOnLoadAttributes (637ms)
				ProcessInitializeOnLoadMethodAttributes (54ms)
				AfterProcessingInitializeOnLoad (16ms)
				EditorAssembliesLoaded (0ms)
			ExecutionOrderSort2 (0ms)
			AwakeInstancesAfterBackupRestoration (13ms)
Platform modules already initialized, skipping
Refreshing native plugins compatible for Editor in 1.00 ms, found 2 plugins.
Preloading 0 native plugins for Editor in 0.00 ms.
Unloading 1970 Unused Serialized files (Serialized files now loaded: 0)
System memory in use before: 81.7 MB.
System memory in use after: 81.8 MB.

Unloading 49 unused Assets to reduce memory usage. Loaded Objects now: 2385.
Total: 10.087700 ms (FindLiveObjects: 0.240600 ms CreateObjectMapping: 0.060800 ms MarkObjects: 9.737500 ms  DeleteObjects: 0.046800 ms)

AssetImportParameters requested are different than current active one (requested -> active):
  custom:framework-win-MediaFoundation: 216162199b28c13a410421893ffa2e32 -> 
  custom:video-decoder-ogg-theora: a1e56fd34408186e4bbccfd4996cb3dc -> 
  custom:container-muxer-webm: aa71ff27fc2769a1b78a27578f13a17b -> 
  custom:container-demuxer-webm: 4f35f7cbe854078d1ac9338744f61a02 -> 
  custom:container-demuxer-ogg: 62fdf1f143b41e24485cea50d1cbac27 -> 
  custom:video-encoder-webm-vp8: eb34c28f22e8b96e1ab97ce403110664 -> 
  custom:video-decoder-webm-vp8: 9c59270c3fd7afecdb556c50c9e8de78 -> 
  custom:audio-decoder-ogg-vorbis: bf7c407c2cedff20999df2af8eb42d56 -> 
  custom:audio-encoder-webm-vorbis: bf7c407c2cedff20999df2af8eb42d56 -> 
========================================================================
Received Import Request.
  Time since last request: 525.364269 seconds.
  path: Assets/Sounds/MasterMix.mixer
  artifactKey: Guid(424ba3b0a45b53c49b629f3cbc3dc57f) Importer(815301076,1909f56bfc062723c751e8b465ee728b)
Start importing Assets/Sounds/MasterMix.mixer using Guid(424ba3b0a45b53c49b629f3cbc3dc57f) Importer(815301076,1909f56bfc062723c751e8b465ee728b)  -> (artifact id: 'edf1ac875a93ec8efe7b47b4f8831501') in 0.046279 seconds 
  Import took 0.058503 seconds .

========================================================================
Received Import Request.
  Time since last request: 92.631882 seconds.
  path: Assets/Sounds/MasterMix.mixer
  artifactKey: Guid(424ba3b0a45b53c49b629f3cbc3dc57f) Importer(815301076,1909f56bfc062723c751e8b465ee728b)
Start importing Assets/Sounds/MasterMix.mixer using Guid(424ba3b0a45b53c49b629f3cbc3dc57f) Importer(815301076,1909f56bfc062723c751e8b465ee728b)  -> (artifact id: 'b072cf096eb6b68c4903ebc267fe05e3') in 0.234724 seconds 
  Import took 0.243809 seconds .

========================================================================
Received Import Request.
  Time since last request: 39.567935 seconds.
  path: Assets/Sounds/MasterMix.mixer
  artifactKey: Guid(424ba3b0a45b53c49b629f3cbc3dc57f) Importer(815301076,1909f56bfc062723c751e8b465ee728b)
Start importing Assets/Sounds/MasterMix.mixer using Guid(424ba3b0a45b53c49b629f3cbc3dc57f) Importer(815301076,1909f56bfc062723c751e8b465ee728b)  -> (artifact id: '618892da7150c74b6b254e6940bc7df7') in 0.023296 seconds 
  Import took 0.038128 seconds .

========================================================================
Received Import Request.
  Time since last request: 17.474966 seconds.
  path: Assets/Sounds/MasterMix.mixer
  artifactKey: Guid(424ba3b0a45b53c49b629f3cbc3dc57f) Importer(815301076,1909f56bfc062723c751e8b465ee728b)
Start importing Assets/Sounds/MasterMix.mixer using Guid(424ba3b0a45b53c49b629f3cbc3dc57f) Importer(815301076,1909f56bfc062723c751e8b465ee728b)  -> (artifact id: '70c7a657bf879ec4c037d453097e24da') in 0.039141 seconds 
  Import took 0.074069 seconds .

========================================================================
Received Import Request.
  Time since last request: 14.173501 seconds.
  path: Assets/Sounds/MasterMix.mixer
  artifactKey: Guid(424ba3b0a45b53c49b629f3cbc3dc57f) Importer(815301076,1909f56bfc062723c751e8b465ee728b)
Start importing Assets/Sounds/MasterMix.mixer using Guid(424ba3b0a45b53c49b629f3cbc3dc57f) Importer(815301076,1909f56bfc062723c751e8b465ee728b)  -> (artifact id: '46d6b9330fbaa39e16a71aa518a66437') in 0.118718 seconds 
  Import took 0.125826 seconds .

========================================================================
Received Import Request.
  Time since last request: 0.020693 seconds.
  path: Assets/Sounds/MasterMix.mixer
  artifactKey: Guid(424ba3b0a45b53c49b629f3cbc3dc57f) Importer(815301076,1909f56bfc062723c751e8b465ee728b)
Start importing Assets/Sounds/MasterMix.mixer using Guid(424ba3b0a45b53c49b629f3cbc3dc57f) Importer(815301076,1909f56bfc062723c751e8b465ee728b)  -> (artifact id: '46d6b9330fbaa39e16a71aa518a66437') in 0.167980 seconds 
  Import took 0.184431 seconds .

========================================================================
Received Import Request.
  Time since last request: 38.811041 seconds.
  path: Assets/Sounds/MasterMix.mixer
  artifactKey: Guid(424ba3b0a45b53c49b629f3cbc3dc57f) Importer(815301076,1909f56bfc062723c751e8b465ee728b)
Start importing Assets/Sounds/MasterMix.mixer using Guid(424ba3b0a45b53c49b629f3cbc3dc57f) Importer(815301076,1909f56bfc062723c751e8b465ee728b)  -> (artifact id: '7897892b35433a275f9feb90f5fe3abc') in 0.055222 seconds 
  Import took 0.071218 seconds .

========================================================================
Received Import Request.
  Time since last request: 4.928457 seconds.
  path: Assets/Sounds/MasterMix.mixer
  artifactKey: Guid(424ba3b0a45b53c49b629f3cbc3dc57f) Importer(815301076,1909f56bfc062723c751e8b465ee728b)
Start importing Assets/Sounds/MasterMix.mixer using Guid(424ba3b0a45b53c49b629f3cbc3dc57f) Importer(815301076,1909f56bfc062723c751e8b465ee728b)  -> (artifact id: '43519fe37fe07f1b17ebdd924616fafe') in 0.118913 seconds 
  Import took 0.149686 seconds .

========================================================================
Received Import Request.
  Time since last request: 1.081417 seconds.
  path: Assets/Sounds/MasterMix.mixer
  artifactKey: Guid(424ba3b0a45b53c49b629f3cbc3dc57f) Importer(815301076,1909f56bfc062723c751e8b465ee728b)
Start importing Assets/Sounds/MasterMix.mixer using Guid(424ba3b0a45b53c49b629f3cbc3dc57f) Importer(815301076,1909f56bfc062723c751e8b465ee728b)  -> (artifact id: '8e7a4112994ee42c8f2d8c8c96819187') in 0.092551 seconds 
  Import took 0.105103 seconds .

========================================================================
Received Import Request.
  Time since last request: 7.686698 seconds.
  path: Assets/Sounds/MasterMix.mixer
  artifactKey: Guid(424ba3b0a45b53c49b629f3cbc3dc57f) Importer(815301076,1909f56bfc062723c751e8b465ee728b)
Start importing Assets/Sounds/MasterMix.mixer using Guid(424ba3b0a45b53c49b629f3cbc3dc57f) Importer(815301076,1909f56bfc062723c751e8b465ee728b)  -> (artifact id: 'd647a33febdbf5a7d707c8f541d87b64') in 0.035957 seconds 
  Import took 0.047591 seconds .

========================================================================
Received Import Request.
  Time since last request: 160.413444 seconds.
  path: Assets/Sounds/MasterMix.mixer
  artifactKey: Guid(424ba3b0a45b53c49b629f3cbc3dc57f) Importer(815301076,1909f56bfc062723c751e8b465ee728b)
Start importing Assets/Sounds/MasterMix.mixer using Guid(424ba3b0a45b53c49b629f3cbc3dc57f) Importer(815301076,1909f56bfc062723c751e8b465ee728b)  -> (artifact id: '76f3f49062d0a8accdfeac25a24f6efe') in 0.059867 seconds 
  Import took 0.068410 seconds .

========================================================================
Received Import Request.
  Time since last request: 149.025696 seconds.
  path: Assets/Sounds/MasterMix.mixer
  artifactKey: Guid(424ba3b0a45b53c49b629f3cbc3dc57f) Importer(815301076,1909f56bfc062723c751e8b465ee728b)
Start importing Assets/Sounds/MasterMix.mixer using Guid(424ba3b0a45b53c49b629f3cbc3dc57f) Importer(815301076,1909f56bfc062723c751e8b465ee728b)  -> (artifact id: '26f2b0f0c8fbcb4e189c3ce01001459e') in 0.034701 seconds 
  Import took 0.048270 seconds .

