Using pre-set license
Built from '2020.3/staging' branch; Version is '2020.3.17f1 (a4537701e4ab) revision 10769271'; Using compiler version '192528614'; Build Type 'Release'
OS: 'Windows 10 Home; OS build 19043.1237; Version 2009; 64bit' Language: 'en' Physical Memory: 3996 MB
BatchMode: 1, IsHumanControllingUs: 0, StartBugReporterOnCrash: 0, Is64bit: 1, IsPro: 0

COMMAND LINE ARGUMENTS:
C:\Program Files\Unity\Hub\Editor\2020.3.17f1\Editor\Unity.exe
-adb2
-batchMode
-noUpm
-name
AssetImportWorker15
-projectPath
C:/Users/User/OneDrive - St. Lawrence College/GAME312/Bobblehead Wars
-logFile
Logs/AssetImportWorker15.log
-srvPort
56849
Successfully changed project path to: C:/Users/User/OneDrive - St. Lawrence College/GAME312/Bobblehead Wars
C:/Users/User/OneDrive - St. Lawrence College/GAME312/Bobblehead Wars
Using Asset Import Pipeline V2.
