Using pre-set license
Built from '2020.3/staging' branch; Version is '2020.3.17f1 (a4537701e4ab) revision 10769271'; Using compiler version '192528614'; Build Type 'Release'
OS: 'Windows 10 Home; OS build 19043.1237; Version 2009; 64bit' Language: 'en' Physical Memory: 3996 MB
BatchMode: 1, IsHumanControllingUs: 0, StartBugReporterOnCrash: 0, Is64bit: 1, IsPro: 0

COMMAND LINE ARGUMENTS:
C:\Program Files\Unity\Hub\Editor\2020.3.17f1\Editor\Unity.exe
-adb2
-batchMode
-noUpm
-name
AssetImportWorker16
-projectPath
C:/Users/User/OneDrive - St. Lawrence College/GAME312/Bobblehead Wars
-logFile
Logs/AssetImportWorker16.log
-srvPort
56849
Successfully changed project path to: C:/Users/User/OneDrive - St. Lawrence College/GAME312/Bobblehead Wars
C:/Users/User/OneDrive - St. Lawrence College/GAME312/Bobblehead Wars
Using Asset Import Pipeline V2.
Refreshing native plugins compatible for Editor in 125.07 ms, found 2 plugins.
Preloading 0 native plugins for Editor in 0.00 ms.
Initialize engine version: 2020.3.17f1 (a4537701e4ab)
[Subsystems] Discovering subsystems at path C:/Program Files/Unity/Hub/Editor/2020.3.17f1/Editor/Data/Resources/UnitySubsystems
[Subsystems] Discovering subsystems at path C:/Users/User/OneDrive - St. Lawrence College/GAME312/Bobblehead Wars/Assets
GfxDevice: creating device client; threaded=0
